# JRE version: Java(TM) SE Runtime Environment (8.0_66-b18) (build 1.8.0_66-b18)
# Java VM: Java HotSpot(TM) 64-Bit Server VM (25.66-b18 mixed mode windows-amd64 compressed oops)
Heap:
 PSYoungGen      total 134656K, used 29501K [0x00000000d6f00000, 0x00000000e0800000, 0x0000000100000000)
  eden space 119296K, 24% used [0x00000000d6f00000,0x00000000d8bcf480,0x00000000de380000)
  from space 15360K, 0% used [0x00000000df280000,0x00000000df280000,0x00000000e0180000)
  to   space 15360K, 0% used [0x00000000de380000,0x00000000de380000,0x00000000df280000)
 ParOldGen       total 56320K, used 20378K [0x0000000084c00000, 0x0000000088300000, 0x00000000d6f00000)
  object space 56320K, 36% used [0x0000000084c00000,0x0000000085fe6918,0x0000000088300000)
 Metaspace       used 38105K, capacity 38466K, committed 38824K, reserved 1083392K
  class space    used 4880K, capacity 4996K, committed 5032K, reserved 1048576K
GC Heap History (10 events):
Event: 12.195 GC heap before
{Heap before GC invocations=8 (full 1):
 PSYoungGen      total 64000K, used 63808K [0x00000000d6f00000, 0x00000000de500000, 0x0000000100000000)
  eden space 58880K, 100% used [0x00000000d6f00000,0x00000000da880000,0x00000000da880000)
  from space 5120K, 96% used [0x00000000db200000,0x00000000db6d0348,0x00000000db700000)
  to   space 9728K, 0% used [0x00000000da880000,0x00000000da880000,0x00000000db200000)
 ParOldGen       total 56320K, used 8961K [0x0000000084c00000, 0x0000000088300000, 0x00000000d6f00000)
  object space 56320K, 15% used [0x0000000084c00000,0x00000000854c0650,0x0000000088300000)
 Metaspace       used 27910K, capacity 28198K, committed 28416K, reserved 1075200K
  class space    used 3456K, capacity 3546K, committed 3584K, reserved 1048576K
Event: 12.214 GC heap after
Heap after GC invocations=8 (full 1):
 PSYoungGen      total 68608K, used 9701K [0x00000000d6f00000, 0x00000000dde00000, 0x0000000100000000)
  eden space 58880K, 0% used [0x00000000d6f00000,0x00000000d6f00000,0x00000000da880000)
  from space 9728K, 99% used [0x00000000da880000,0x00000000db1f94a0,0x00000000db200000)
  to   space 11264K, 0% used [0x00000000dd300000,0x00000000dd300000,0x00000000dde00000)
 ParOldGen       total 56320K, used 9801K [0x0000000084c00000, 0x0000000088300000, 0x00000000d6f00000)
  object space 56320K, 17% used [0x0000000084c00000,0x0000000085592540,0x0000000088300000)
 Metaspace       used 27910K, capacity 28198K, committed 28416K, reserved 1075200K
  class space    used 3456K, capacity 3546K, committed 3584K, reserved 1048576K
}
Event: 13.146 GC heap before
{Heap before GC invocations=9 (full 1):
 PSYoungGen      total 68608K, used 68581K [0x00000000d6f00000, 0x00000000dde00000, 0x0000000100000000)
  eden space 58880K, 100% used [0x00000000d6f00000,0x00000000da880000,0x00000000da880000)
  from space 9728K, 99% used [0x00000000da880000,0x00000000db1f94a0,0x00000000db200000)
  to   space 11264K, 0% used [0x00000000dd300000,0x00000000dd300000,0x00000000dde00000)
 ParOldGen       total 56320K, used 9801K [0x0000000084c00000, 0x0000000088300000, 0x00000000d6f00000)
  object space 56320K, 17% used [0x0000000084c00000,0x0000000085592540,0x0000000088300000)
 Metaspace       used 28414K, capacity 28716K, committed 29056K, reserved 1075200K
  class space    used 3526K, capacity 3611K, committed 3712K, reserved 1048576K
Event: 13.163 GC heap after
Heap after GC invocations=9 (full 1):
 PSYoungGen      total 101376K, used 9852K [0x00000000d6f00000, 0x00000000de100000, 0x0000000100000000)
  eden space 90112K, 0% used [0x00000000d6f00000,0x00000000d6f00000,0x00000000dc700000)
  from space 11264K, 87% used [0x00000000dd300000,0x00000000ddc9f360,0x00000000dde00000)
  to   space 12288K, 0% used [0x00000000dc700000,0x00000000dc700000,0x00000000dd300000)
 ParOldGen       total 56320K, used 9809K [0x0000000084c00000, 0x0000000088300000, 0x00000000d6f00000)
  object space 56320K, 17% used [0x0000000084c00000,0x0000000085594540,0x0000000088300000)
 Metaspace       used 28414K, capacity 28716K, committed 29056K, reserved 1075200K
  class space    used 3526K, capacity 3611K, committed 3712K, reserved 1048576K
}
Event: 15.908 GC heap before
{Heap before GC invocations=10 (full 1):
 PSYoungGen      total 101376K, used 99964K [0x00000000d6f00000, 0x00000000de100000, 0x0000000100000000)
  eden space 90112K, 100% used [0x00000000d6f00000,0x00000000dc700000,0x00000000dc700000)
  from space 11264K, 87% used [0x00000000dd300000,0x00000000ddc9f360,0x00000000dde00000)
  to   space 12288K, 0% used [0x00000000dc700000,0x00000000dc700000,0x00000000dd300000)
 ParOldGen       total 56320K, used 9809K [0x0000000084c00000, 0x0000000088300000, 0x00000000d6f00000)
  object space 56320K, 17% used [0x0000000084c00000,0x0000000085594540,0x0000000088300000)
 Metaspace       used 33999K, capacity 34338K, committed 34560K, reserved 1079296K
  class space    used 4231K, capacity 4324K, committed 4352K, reserved 1048576K
Event: 15.931 GC heap after
Heap after GC invocations=10 (full 1):
 PSYoungGen      total 102400K, used 12262K [0x00000000d6f00000, 0x00000000e0180000, 0x0000000100000000)
  eden space 90112K, 0% used [0x00000000d6f00000,0x00000000d6f00000,0x00000000dc700000)
  from space 12288K, 99% used [0x00000000dc700000,0x00000000dd2f9ba8,0x00000000dd300000)
  to   space 15360K, 0% used [0x00000000df280000,0x00000000df280000,0x00000000e0180000)
 ParOldGen       total 56320K, used 14232K [0x0000000084c00000, 0x0000000088300000, 0x00000000d6f00000)
  object space 56320K, 25% used [0x0000000084c00000,0x00000000859e6170,0x0000000088300000)
 Metaspace       used 33999K, capacity 34338K, committed 34560K, reserved 1079296K
  class space    used 4231K, capacity 4324K, committed 4352K, reserved 1048576K
}
Event: 16.196 GC heap before
{Heap before GC invocations=11 (full 1):
 PSYoungGen      total 102400K, used 21141K [0x00000000d6f00000, 0x00000000e0180000, 0x0000000100000000)
  eden space 90112K, 9% used [0x00000000d6f00000,0x00000000d77aba78,0x00000000dc700000)
  from space 12288K, 99% used [0x00000000dc700000,0x00000000dd2f9ba8,0x00000000dd300000)
  to   space 15360K, 0% used [0x00000000df280000,0x00000000df280000,0x00000000e0180000)
 ParOldGen       total 56320K, used 14232K [0x0000000084c00000, 0x0000000088300000, 0x00000000d6f00000)
  object space 56320K, 25% used [0x0000000084c00000,0x00000000859e6170,0x0000000088300000)
 Metaspace       used 34947K, capacity 35266K, committed 35496K, reserved 1081344K
  class space    used 4393K, capacity 4484K, committed 4520K, reserved 1048576K
Event: 16.210 GC heap after
Heap after GC invocations=11 (full 1):
 PSYoungGen      total 134656K, used 4935K [0x00000000d6f00000, 0x00000000e0800000, 0x0000000100000000)
  eden space 119296K, 0% used [0x00000000d6f00000,0x00000000d6f00000,0x00000000de380000)
  from space 15360K, 32% used [0x00000000df280000,0x00000000df751db0,0x00000000e0180000)
  to   space 15360K, 0% used [0x00000000de380000,0x00000000de380000,0x00000000df280000)
 ParOldGen       total 56320K, used 21232K [0x0000000084c00000, 0x0000000088300000, 0x00000000d6f00000)
  object space 56320K, 37% used [0x0000000084c00000,0x00000000860bc010,0x0000000088300000)
 Metaspace       used 34947K, capacity 35266K, committed 35496K, reserved 1081344K
  class space    used 4393K, capacity 4484K, committed 4520K, reserved 1048576K
}
Event: 16.210 GC heap before
{Heap before GC invocations=12 (full 2):
 PSYoungGen      total 134656K, used 4935K [0x00000000d6f00000, 0x00000000e0800000, 0x0000000100000000)
  eden space 119296K, 0% used [0x00000000d6f00000,0x00000000d6f00000,0x00000000de380000)
  from space 15360K, 32% used [0x00000000df280000,0x00000000df751db0,0x00000000e0180000)
  to   space 15360K, 0% used [0x00000000de380000,0x00000000de380000,0x00000000df280000)
 ParOldGen       total 56320K, used 21232K [0x0000000084c00000, 0x0000000088300000, 0x00000000d6f00000)
  object space 56320K, 37% used [0x0000000084c00000,0x00000000860bc010,0x0000000088300000)
 Metaspace       used 34947K, capacity 35266K, committed 35496K, reserved 1081344K
  class space    used 4393K, capacity 4484K, committed 4520K, reserved 1048576K
Event: 16.361 GC heap after
Heap after GC invocations=12 (full 2):
 PSYoungGen      total 134656K, used 0K [0x00000000d6f00000, 0x00000000e0800000, 0x0000000100000000)
  eden space 119296K, 0% used [0x00000000d6f00000,0x00000000d6f00000,0x00000000de380000)
  from space 15360K, 0% used [0x00000000df280000,0x00000000df280000,0x00000000e0180000)
  to   space 15360K, 0% used [0x00000000de380000,0x00000000de380000,0x00000000df280000)
 ParOldGen       total 56320K, used 20378K [0x0000000084c00000, 0x0000000088300000, 0x00000000d6f00000)
  object space 56320K, 36% used [0x0000000084c00000,0x0000000085fe6918,0x0000000088300000)
 Metaspace       used 34947K, capacity 35266K, committed 35496K, reserved 1081344K
  class space    used 4393K, capacity 4484K, committed 4520K, reserved 1048576K
}

